<?xml version="1.0" encoding="UTF-8"?>
<testsuite xmlns:xsi="http://www.w3.org/2001/XMLSchema-instance" xsi:noNamespaceSchemaLocation="https://maven.apache.org/surefire/maven-surefire-plugin/xsd/surefire-test-report.xsd" name="com.rpcframework.rpc.protocol.RpcProtocolTest" time="0" tests="8" errors="0" skipped="0" failures="0">
  <properties>
[...]
</properties>
  <testcase name="testMagicNumberFormat" classname="com.rpcframework.rpc.protocol.RpcProtocolTest" time="0"/>
  <testcase name="testMessageType" classname="com.rpcframework.rpc.protocol.RpcProtocolTest" time="0"/>
  <testcase name="testCodecType" classname="com.rpcframework.rpc.protocol.RpcProtocolTest" time="0"/>
  <testcase name="testProtocolConstants" classname="com.rpcframework.rpc.protocol.RpcProtocolTest" time="0"/>
  <testcase name="testProtocolHeaderSize" classname="com.rpcframework.rpc.protocol.RpcProtocolTest" time="0"/>
  <testcase name="testDefaults" classname="com.rpcframework.rpc.protocol.RpcProtocolTest" time="0"/>
  <testcase name="testStatus" classname="com.rpcframework.rpc.protocol.RpcProtocolTest" time="0"/>
  <testcase name="testMaxFrameLengthIsReasonable" classname="com.rpcframework.rpc.protocol.RpcProtocolTest" time="0"/>
</testsuite>